<?xml version="1.0" encoding="UTF-8"?>
<!-- Generated by org.testng.reporters.JUnitReportReporter -->
<testsuite hostname="DESKTOP-EQ55Q8H" failures="0" tests="1" name="com.mycompany.app.May_selenium_2022_eclipse.NewTest" time="0.007" errors="0" timestamp="2022-11-04T06:53:52 PDT" skipped="0">
  <testcase classname="com.mycompany.app.May_selenium_2022_eclipse.NewTest" name="f" time="0.007"/>
  <system-out/>
</testsuite> <!-- com.mycompany.app.May_selenium_2022_eclipse.NewTest -->
