<?xml version="1.0" encoding="UTF-8"?>
<!-- Generated by org.testng.reporters.JUnitReportReporter -->
<testsuite hostname="DESKTOP-EQ55Q8H" failures="0" tests="1" name="com.mycompany.app.May_selenium_2022_eclipse.AppTest" time="0.009" errors="0" timestamp="2022-11-04T06:53:53 PDT" skipped="0">
  <testcase classname="com.mycompany.app.May_selenium_2022_eclipse.AppTest" name="shouldAnswerWithTrue" time="0.009"/>
  <system-out/>
</testsuite> <!-- com.mycompany.app.May_selenium_2022_eclipse.AppTest -->
